<?xml version="1.0" encoding="UTF-8"?>
<!-- Generated by org.testng.reporters.JUnitXMLReporter -->
<testsuite ignored="0" hostname="DESKTOP-EELNSNP" failures="0" tests="7" name="Default test" time="6.42" errors="0" timestamp="2025-11-21T11:48:32 EET">
  <testcase classname="firstproject.MyTestCases" name="login" time="0.305"/>
  <testcase classname="firstproject.MyTestCases" name="CheckAddAndRemoveButtons" time="0.563"/>
  <testcase classname="firstproject.MyTestCases" name="CheckAddAndRemoveButtons" time="0.422"/>
  <testcase classname="firstproject.MyTestCases" name="CheckAddAndRemoveButtons" time="0.42"/>
  <testcase classname="firstproject.MyTestCases" name="addToCartButtons" time="0.204"/>
  <testcase classname="firstproject.MyTestCases" name="checkout" time="0.666"/>
  <testcase classname="firstproject.MyTestCases" name="backHomeAndLogout" time="1.287"/>
</testsuite> <!-- Default test -->
