<?xml version="1.0" encoding="UTF-8"?>
<testng-results ignored="0" total="7" passed="7" failed="0" skipped="0">
  <reporter-output>
  </reporter-output>
  <suite started-at="2025-11-21T11:48:25 EET" name="Default suite" finished-at="2025-11-21T11:48:32 EET" duration-ms="6420">
    <groups>
    </groups>
    <test started-at="2025-11-21T11:48:25 EET" name="Default test" finished-at="2025-11-21T11:48:32 EET" duration-ms="6420">
      <class name="firstproject.MyTestCases">
        <test-method is-config="true" signature="mySetUp()[pri:0, instance:firstproject.MyTestCases@2b0f373b]" started-at="2025-11-21T11:48:25 EET" name="mySetUp" finished-at="2025-11-21T11:48:28 EET" duration-ms="2477" status="PASS">
          <reporter-output>
          </reporter-output>
        </test-method> <!-- mySetUp -->
        <test-method is-config="true" signature="beforeTest()[pri:0, instance:firstproject.MyTestCases@2b0f373b]" started-at="2025-11-21T11:48:28 EET" name="beforeTest" finished-at="2025-11-21T11:48:28 EET" duration-ms="5" status="PASS">
          <reporter-output>
          </reporter-output>
        </test-method> <!-- beforeTest -->
        <test-method signature="login()[pri:1, instance:firstproject.MyTestCases@2b0f373b]" started-at="2025-11-21T11:48:28 EET" name="login" finished-at="2025-11-21T11:48:28 EET" duration-ms="305" status="PASS">
          <reporter-output>
          </reporter-output>
        </test-method> <!-- login -->
        <test-method is-config="true" signature="afterTest()[pri:0, instance:firstproject.MyTestCases@2b0f373b]" started-at="2025-11-21T11:48:28 EET" name="afterTest" finished-at="2025-11-21T11:48:28 EET" duration-ms="1" status="PASS">
          <reporter-output>
          </reporter-output>
        </test-method> <!-- afterTest -->
        <test-method is-config="true" signature="beforeTest()[pri:0, instance:firstproject.MyTestCases@2b0f373b]" started-at="2025-11-21T11:48:28 EET" name="beforeTest" finished-at="2025-11-21T11:48:28 EET" duration-ms="0" status="PASS">
          <reporter-output>
          </reporter-output>
        </test-method> <!-- beforeTest -->
        <test-method signature="CheckAddAndRemoveButtons()[pri:2, instance:firstproject.MyTestCases@2b0f373b]" started-at="2025-11-21T11:48:28 EET" name="CheckAddAndRemoveButtons" finished-at="2025-11-21T11:48:29 EET" duration-ms="563" status="PASS">
          <reporter-output>
          </reporter-output>
        </test-method> <!-- CheckAddAndRemoveButtons -->
        <test-method is-config="true" signature="beforeTest()[pri:0, instance:firstproject.MyTestCases@2b0f373b]" started-at="2025-11-21T11:48:29 EET" name="beforeTest" finished-at="2025-11-21T11:48:29 EET" duration-ms="1" status="PASS">
          <reporter-output>
          </reporter-output>
        </test-method> <!-- beforeTest -->
        <test-method is-config="true" signature="afterTest()[pri:0, instance:firstproject.MyTestCases@2b0f373b]" started-at="2025-11-21T11:48:29 EET" name="afterTest" finished-at="2025-11-21T11:48:29 EET" duration-ms="0" status="PASS">
          <reporter-output>
          </reporter-output>
        </test-method> <!-- afterTest -->
        <test-method signature="CheckAddAndRemoveButtons()[pri:2, instance:firstproject.MyTestCases@2b0f373b]" started-at="2025-11-21T11:48:29 EET" name="CheckAddAndRemoveButtons" finished-at="2025-11-21T11:48:29 EET" duration-ms="422" status="PASS">
          <reporter-output>
          </reporter-output>
        </test-method> <!-- CheckAddAndRemoveButtons -->
        <test-method is-config="true" signature="beforeTest()[pri:0, instance:firstproject.MyTestCases@2b0f373b]" started-at="2025-11-21T11:48:29 EET" name="beforeTest" finished-at="2025-11-21T11:48:29 EET" duration-ms="2" status="PASS">
          <reporter-output>
          </reporter-output>
        </test-method> <!-- beforeTest -->
        <test-method is-config="true" signature="afterTest()[pri:0, instance:firstproject.MyTestCases@2b0f373b]" started-at="2025-11-21T11:48:29 EET" name="afterTest" finished-at="2025-11-21T11:48:29 EET" duration-ms="0" status="PASS">
          <reporter-output>
          </reporter-output>
        </test-method> <!-- afterTest -->
        <test-method signature="CheckAddAndRemoveButtons()[pri:2, instance:firstproject.MyTestCases@2b0f373b]" started-at="2025-11-21T11:48:29 EET" name="CheckAddAndRemoveButtons" finished-at="2025-11-21T11:48:29 EET" duration-ms="420" status="PASS">
          <reporter-output>
          </reporter-output>
        </test-method> <!-- CheckAddAndRemoveButtons -->
        <test-method is-config="true" signature="afterTest()[pri:0, instance:firstproject.MyTestCases@2b0f373b]" started-at="2025-11-21T11:48:29 EET" name="afterTest" finished-at="2025-11-21T11:48:29 EET" duration-ms="0" status="PASS">
          <reporter-output>
          </reporter-output>
        </test-method> <!-- afterTest -->
        <test-method is-config="true" signature="beforeTest()[pri:0, instance:firstproject.MyTestCases@2b0f373b]" started-at="2025-11-21T11:48:29 EET" name="beforeTest" finished-at="2025-11-21T11:48:29 EET" duration-ms="0" status="PASS">
          <reporter-output>
          </reporter-output>
        </test-method> <!-- beforeTest -->
        <test-method signature="addToCartButtons()[pri:3, instance:firstproject.MyTestCases@2b0f373b]" started-at="2025-11-21T11:48:29 EET" name="addToCartButtons" finished-at="2025-11-21T11:48:30 EET" duration-ms="204" status="PASS">
          <reporter-output>
          </reporter-output>
        </test-method> <!-- addToCartButtons -->
        <test-method is-config="true" signature="afterTest()[pri:0, instance:firstproject.MyTestCases@2b0f373b]" started-at="2025-11-21T11:48:30 EET" name="afterTest" finished-at="2025-11-21T11:48:30 EET" duration-ms="0" status="PASS">
          <reporter-output>
          </reporter-output>
        </test-method> <!-- afterTest -->
        <test-method signature="checkout()[pri:4, instance:firstproject.MyTestCases@2b0f373b]" started-at="2025-11-21T11:48:30 EET" name="checkout" finished-at="2025-11-21T11:48:30 EET" duration-ms="666" status="PASS">
          <reporter-output>
          </reporter-output>
        </test-method> <!-- checkout -->
        <test-method is-config="true" signature="beforeTest()[pri:0, instance:firstproject.MyTestCases@2b0f373b]" started-at="2025-11-21T11:48:30 EET" name="beforeTest" finished-at="2025-11-21T11:48:30 EET" duration-ms="0" status="PASS">
          <reporter-output>
          </reporter-output>
        </test-method> <!-- beforeTest -->
        <test-method is-config="true" signature="afterTest()[pri:0, instance:firstproject.MyTestCases@2b0f373b]" started-at="2025-11-21T11:48:30 EET" name="afterTest" finished-at="2025-11-21T11:48:30 EET" duration-ms="1" status="PASS">
          <reporter-output>
          </reporter-output>
        </test-method> <!-- afterTest -->
        <test-method signature="backHomeAndLogout()[pri:5, instance:firstproject.MyTestCases@2b0f373b]" started-at="2025-11-21T11:48:30 EET" name="backHomeAndLogout" finished-at="2025-11-21T11:48:32 EET" duration-ms="1287" status="PASS">
          <reporter-output>
          </reporter-output>
        </test-method> <!-- backHomeAndLogout -->
        <test-method is-config="true" signature="beforeTest()[pri:0, instance:firstproject.MyTestCases@2b0f373b]" started-at="2025-11-21T11:48:30 EET" name="beforeTest" finished-at="2025-11-21T11:48:30 EET" duration-ms="0" status="PASS">
          <reporter-output>
          </reporter-output>
        </test-method> <!-- beforeTest -->
        <test-method is-config="true" signature="AfterMyTest()[pri:0, instance:firstproject.MyTestCases@2b0f373b]" started-at="2025-11-21T11:48:32 EET" name="AfterMyTest" finished-at="2025-11-21T11:48:32 EET" duration-ms="1" status="PASS">
          <reporter-output>
          </reporter-output>
        </test-method> <!-- AfterMyTest -->
        <test-method is-config="true" signature="afterTest()[pri:0, instance:firstproject.MyTestCases@2b0f373b]" started-at="2025-11-21T11:48:32 EET" name="afterTest" finished-at="2025-11-21T11:48:32 EET" duration-ms="0" status="PASS">
          <reporter-output>
          </reporter-output>
        </test-method> <!-- afterTest -->
      </class> <!-- firstproject.MyTestCases -->
    </test> <!-- Default test -->
  </suite> <!-- Default suite -->
</testng-results>
