<?xml version="1.0" encoding="UTF-8"?>
<!-- Generated by org.testng.reporters.JUnitReportReporter -->
<testsuite hostname="DESKTOP-EELNSNP" failures="0" tests="7" name="firstproject.MyTestCases" time="3.877" errors="0" timestamp="2025-11-21T11:48:32 EET" skipped="0">
  <testcase classname="firstproject.MyTestCases" name="login" time="0.307"/>
  <testcase classname="firstproject.MyTestCases" name="CheckAddAndRemoveButtons" time="0.564"/>
  <testcase classname="firstproject.MyTestCases" name="CheckAddAndRemoveButtons" time="0.420"/>
  <testcase classname="firstproject.MyTestCases" name="CheckAddAndRemoveButtons" time="0.423"/>
  <testcase classname="firstproject.MyTestCases" name="addToCartButtons" time="0.205"/>
  <testcase classname="firstproject.MyTestCases" name="checkout" time="0.666"/>
  <testcase classname="firstproject.MyTestCases" name="backHomeAndLogout" time="1.292"/>
</testsuite> <!-- firstproject.MyTestCases -->
